<?xml version="1.0" encoding="UTF-8"?>
<!-- Generated by org.testng.reporters.JUnitReportReporter -->
<testsuite hostname="Chocos-MacBook-Pro.local" failures="0" tests="2" name="another.anothertest1" time="0.005" errors="0" timestamp="2024-09-11T21:57:04 ICT" skipped="0">
  <testcase classname="another.anothertest1" name="salut" time="0.001"/>
  <system-out/>
  <testcase classname="another.anothertest1" name="demo" time="0.004"/>
  <system-out/>
</testsuite> <!-- another.anothertest1 -->
