<?xml version="1.0" encoding="UTF-8"?>
<!-- Generated by org.testng.reporters.JUnitReportReporter -->
<testsuite hostname="Chocos-MacBook-Pro.local" failures="0" tests="1" name="test.test2" time="0.003" errors="0" timestamp="2024-09-12T16:26:16 ICT" skipped="0">
  <testcase classname="test.test2" name="ploan" time="0.003"/>
  <system-out/>
</testsuite> <!-- test.test2 -->
