<?xml version="1.0" encoding="UTF-8"?>
<!-- Generated by org.testng.reporters.JUnitReportReporter -->
<testsuite hostname="Chocos-MacBook-Pro.local" failures="0" tests="3" name="test.test1" time="0.004" errors="0" timestamp="2024-09-11T23:33:12 ICT" skipped="0">
  <testcase classname="test.test1" name="salut" time="0.003"/>
  <system-out/>
  <testcase classname="test.test1" name="demo" time="0.001"/>
  <system-out/>
  <testcase classname="test.test1" name="aurevoir" time="0.000"/>
  <system-out/>
</testsuite> <!-- test.test1 -->
