<?xml version="1.0" encoding="UTF-8"?>
<!-- Generated by org.testng.reporters.JUnitReportReporter -->
<testsuite hostname="Chocos-MacBook-Pro.local" failures="0" tests="5" name="test.test3" time="0.002" errors="0" timestamp="2024-09-12T16:26:16 ICT" skipped="0">
  <testcase classname="test.test3" name="MobileLoginCarLoan" time="0.001"/>
  <system-out/>
  <testcase classname="test.test3" name="WebLoginCarLoan" time="0.000"/>
  <system-out/>
  <testcase classname="test.test3" name="MobileSignOutCarLoan" time="0.000"/>
  <system-out/>
  <testcase classname="test.test3" name="MobileSignOutCarLoan" time="0.001"/>
  <system-out/>
  <testcase classname="test.test3" name="MobileSignOutCarLoan" time="0.000"/>
  <system-out/>
</testsuite> <!-- test.test3 -->
